<?xml version="1.0" encoding="UTF-8"?>
<!-- Generated by org.testng.reporters.JUnitReportReporter -->
<testsuite hostname="Pratap" failures="0" tests="1" name="webSiteAuto.Assignment.UPSIAssignment" time="35.130" errors="0" timestamp="2024-06-18T00:25:16 IST" skipped="0">
  <testcase classname="webSiteAuto.Assignment.UPSIAssignment" name="LoginMethod" time="35.130"/>
</testsuite> <!-- webSiteAuto.Assignment.UPSIAssignment -->
