<?xml version="1.0" encoding="UTF-8"?>
<!-- Generated by org.testng.reporters.JUnitReportReporter -->
<testsuite hostname="Pratap" failures="0" tests="1" name="webSiteAuto.Assignment.UPSIAssignment" time="43.231" errors="0" timestamp="2024-06-18T02:32:30 IST" skipped="0">
  <testcase classname="webSiteAuto.Assignment.UPSIAssignment" name="LoginMethod" time="43.231"/>
</testsuite> <!-- webSiteAuto.Assignment.UPSIAssignment -->
